-------------------------------------------------------------------------------
Test set: com.snbat.CartTest
-------------------------------------------------------------------------------
Tests run: 1, Failures: 1, Errors: 0, Skipped: 0, Time elapsed: 45.806 s <<< FAILURE! - in com.snbat.CartTest
com.snbat.CartTest.testAddAndRemoveFromCart  Time elapsed: 45.805 s  <<< FAILURE!
org.opentest4j.AssertionFailedError: Impossible d'ajouter au panier
	at org.junit.jupiter.api.AssertionUtils.fail(AssertionUtils.java:38)
	at org.junit.jupiter.api.Assertions.fail(Assertions.java:138)
	at com.snbat.CartTest.testAddAndRemoveFromCart(CartTest.java:87)
	at java.base/java.lang.reflect.Method.invoke(Method.java:580)
	at java.base/java.util.ArrayList.forEach(ArrayList.java:1597)
	at java.base/java.util.ArrayList.forEach(ArrayList.java:1597)

